<?xml version="1.0" encoding="UTF-8"?>
<!-- Generated by org.testng.reporters.JUnitReportReporter -->
<testsuite hostname="FREE-FIRE" failures="0" tests="1" name="pageTest.FlipkartAddtocartItemTest" time="73.875" errors="0" timestamp="2022-12-20T17:37:56 IST" skipped="0">
  <testcase classname="pageTest.FlipkartAddtocartItemTest" name="FlipkartAddRemoveProductTest" time="73.875"/>
  <system-out/>
</testsuite> <!-- pageTest.FlipkartAddtocartItemTest -->
