<?xml version="1.0" encoding="UTF-8"?>
<!-- Generated by org.testng.reporters.JUnitReportReporter -->
<testsuite hostname="FREE-FIRE" failures="0" tests="2" name="pageTest.HomePageTest" time="32.045" errors="0" timestamp="2022-12-18T17:10:39 IST" skipped="1">
  <testcase classname="pageTest.HomePageTest" name="FlipkartLogoTest" time="32.045"/>
  <system-out/>
  <testcase classname="pageTest.HomePageTest" name="verifyFlipkartHomepageTitleTest">
    <skipped/>
  </testcase> <!-- verifyFlipkartHomepageTitleTest -->
  <system-out/>
</testsuite> <!-- pageTest.HomePageTest -->
