<?xml version="1.0" encoding="UTF-8"?>
<!-- Generated by org.testng.reporters.JUnitReportReporter -->
<testsuite hostname="FREE-FIRE" failures="0" tests="1" name="pageTest.FlipkartAddtocartItemTest" time="36.892" errors="0" timestamp="2022-12-19T17:56:28 IST" skipped="0">
  <testcase classname="pageTest.FlipkartAddtocartItemTest" name="FlipkartAddRemoveProductTest" time="36.892"/>
  <system-out/>
</testsuite> <!-- pageTest.FlipkartAddtocartItemTest -->
